240711 09:21:59 mysqld_safe Starting mariadbd daemon with databases from /config/databases
2024-07-11  9:21:59 0 [Note] Starting MariaDB 10.11.8-MariaDB-log source revision 3a069644682e336e445039e48baae9693f9a08ee as process 500
2024-07-11  9:21:59 0 [Note] InnoDB: Compressed tables use zlib 1.3.1
2024-07-11  9:21:59 0 [Note] InnoDB: Number of transaction pools: 1
2024-07-11  9:21:59 0 [Note] InnoDB: Using crc32 + pclmulqdq instructions
2024-07-11  9:21:59 0 [Note] mariadbd: O_TMPFILE is not supported on /tmp (disabling future attempts)
2024-07-11  9:21:59 0 [Note] InnoDB: Using Linux native AIO
2024-07-11  9:21:59 0 [Note] InnoDB: Initializing buffer pool, total size = 256.000MiB, chunk size = 4.000MiB
2024-07-11  9:21:59 0 [Note] InnoDB: Completed initialization of buffer pool
2024-07-11  9:21:59 0 [Note] InnoDB: File system buffers for log disabled (block size=512 bytes)
2024-07-11  9:21:59 0 [Note] InnoDB: End of log at LSN=46980
2024-07-11  9:21:59 0 [Note] InnoDB: 128 rollback segments are active.
2024-07-11  9:21:59 0 [Note] InnoDB: Setting file './ibtmp1' size to 12.000MiB. Physically writing the file full; Please wait ...
2024-07-11  9:21:59 0 [Note] InnoDB: File './ibtmp1' size is now 12.000MiB.
2024-07-11  9:21:59 0 [Note] InnoDB: log sequence number 46980; transaction id 14
2024-07-11  9:21:59 0 [Note] InnoDB: Loading buffer pool(s) from /config/databases/ib_buffer_pool
2024-07-11  9:21:59 0 [Note] Plugin 'FEEDBACK' is disabled.
2024-07-11  9:21:59 0 [Note] InnoDB: Buffer pool(s) load completed at 240711  9:21:59
2024-07-11  9:21:59 0 [Note] Server socket created on IP: '0.0.0.0'.
2024-07-11  9:21:59 0 [Note] Server socket created on IP: '::'.
2024-07-11  9:21:59 0 [Note] /usr/bin/mariadbd: ready for connections.
Version: '10.11.8-MariaDB-log'  socket: '/var/run/mysqld/mysqld.sock'  port: 3306  Alpine Linux
2024-07-11  9:21:59 4 [Warning] Aborted connection 4 to db: 'unconnected' user: 'unauthenticated' host: 'localhost' (This connection closed normally without authentication)
2024-07-11  9:22:03 6 [Warning] Aborted connection 6 to db: 'unconnected' user: 'unauthenticated' host: 'bookstack.bookstack_default' (This connection closed normally without authentication)
2024-07-11  9:37:09 0 [Note] /usr/bin/mariadbd (initiated by: unknown): Normal shutdown
2024-07-11  9:37:09 0 [Note] InnoDB: FTS optimize thread exiting.
2024-07-11  9:37:09 0 [Note] InnoDB: Starting shutdown...
2024-07-11  9:37:09 0 [Note] InnoDB: Dumping buffer pool(s) to /config/databases/ib_buffer_pool
2024-07-11  9:37:09 0 [Note] InnoDB: Buffer pool(s) dump completed at 240711  9:37:09
2024-07-11  9:37:09 0 [Note] InnoDB: Removed temporary tablespace data file: "./ibtmp1"
2024-07-11  9:37:09 0 [Note] InnoDB: Shutdown completed; log sequence number 1151898; transaction id 2185
2024-07-11  9:37:09 0 [Note] /usr/bin/mariadbd: Shutdown complete

240711 09:37:09 mysqld_safe mysqld from pid file /var/run/mysqld/mysqld.pid ended
240711 09:37:13 mysqld_safe Starting mariadbd daemon with databases from /config/databases
2024-07-11  9:37:13 0 [Note] Starting MariaDB 10.11.8-MariaDB-log source revision 3a069644682e336e445039e48baae9693f9a08ee as process 407
2024-07-11  9:37:13 0 [Note] InnoDB: Compressed tables use zlib 1.3.1
2024-07-11  9:37:13 0 [Note] InnoDB: Number of transaction pools: 1
2024-07-11  9:37:13 0 [Note] InnoDB: Using crc32 + pclmulqdq instructions
2024-07-11  9:37:13 0 [Note] mariadbd: O_TMPFILE is not supported on /tmp (disabling future attempts)
2024-07-11  9:37:13 0 [Note] InnoDB: Using Linux native AIO
2024-07-11  9:37:13 0 [Note] InnoDB: Initializing buffer pool, total size = 256.000MiB, chunk size = 4.000MiB
2024-07-11  9:37:13 0 [Note] InnoDB: Completed initialization of buffer pool
2024-07-11  9:37:13 0 [Note] InnoDB: File system buffers for log disabled (block size=512 bytes)
2024-07-11  9:37:13 0 [Note] InnoDB: End of log at LSN=1151898
2024-07-11  9:37:13 0 [Note] InnoDB: 128 rollback segments are active.
2024-07-11  9:37:13 0 [Note] InnoDB: Setting file './ibtmp1' size to 12.000MiB. Physically writing the file full; Please wait ...
2024-07-11  9:37:13 0 [Note] InnoDB: File './ibtmp1' size is now 12.000MiB.
2024-07-11  9:37:13 0 [Note] InnoDB: log sequence number 1151898; transaction id 2186
2024-07-11  9:37:13 0 [Note] InnoDB: Loading buffer pool(s) from /config/databases/ib_buffer_pool
2024-07-11  9:37:13 0 [Note] Plugin 'FEEDBACK' is disabled.
2024-07-11  9:37:13 0 [Note] Server socket created on IP: '0.0.0.0'.
2024-07-11  9:37:13 0 [Note] Server socket created on IP: '::'.
2024-07-11  9:37:13 0 [Note] /usr/bin/mariadbd: ready for connections.
Version: '10.11.8-MariaDB-log'  socket: '/var/run/mysqld/mysqld.sock'  port: 3306  Alpine Linux
2024-07-11  9:37:13 0 [Note] InnoDB: Buffer pool(s) load completed at 240711  9:37:13
2024-07-11  9:37:14 5 [Warning] Aborted connection 5 to db: 'unconnected' user: 'unauthenticated' host: 'localhost' (This connection closed normally without authentication)
2024-07-11  9:37:15 4 [Warning] Aborted connection 4 to db: 'unconnected' user: 'unauthenticated' host: 'bookstack.bookstack_default' (This connection closed normally without authentication)
2024-07-11  9:37:16 7 [Warning] Aborted connection 7 to db: 'unconnected' user: 'unauthenticated' host: 'bookstack.bookstack_default' (This connection closed normally without authentication)
2024-07-11  9:49:52 0 [Note] /usr/bin/mariadbd (initiated by: unknown): Normal shutdown
2024-07-11  9:49:52 0 [Note] InnoDB: FTS optimize thread exiting.
2024-07-11  9:49:52 0 [Note] InnoDB: Starting shutdown...
2024-07-11  9:49:52 0 [Note] InnoDB: Dumping buffer pool(s) to /config/databases/ib_buffer_pool
2024-07-11  9:49:52 0 [Note] InnoDB: Buffer pool(s) dump completed at 240711  9:49:52
2024-07-11  9:49:53 0 [Note] InnoDB: Removed temporary tablespace data file: "./ibtmp1"
2024-07-11  9:49:53 0 [Note] InnoDB: Shutdown completed; log sequence number 1151898; transaction id 2225
2024-07-11  9:49:53 0 [Note] /usr/bin/mariadbd: Shutdown complete

240711 09:49:53 mysqld_safe mysqld from pid file /var/run/mysqld/mysqld.pid ended
