240711 09:52:53 mysqld_safe Starting mariadbd daemon with databases from /config/databases
2024-07-11  9:52:53 0 [Note] Starting MariaDB 10.11.8-MariaDB-log source revision 3a069644682e336e445039e48baae9693f9a08ee as process 410
2024-07-11  9:52:53 0 [Note] InnoDB: Compressed tables use zlib 1.3.1
2024-07-11  9:52:53 0 [Note] InnoDB: Number of transaction pools: 1
2024-07-11  9:52:53 0 [Note] InnoDB: Using crc32 + pclmulqdq instructions
2024-07-11  9:52:53 0 [Note] mariadbd: O_TMPFILE is not supported on /tmp (disabling future attempts)
2024-07-11  9:52:54 0 [Note] InnoDB: Using Linux native AIO
2024-07-11  9:52:54 0 [Note] InnoDB: Initializing buffer pool, total size = 256.000MiB, chunk size = 4.000MiB
2024-07-11  9:52:54 0 [Note] InnoDB: Completed initialization of buffer pool
2024-07-11  9:52:54 0 [Note] InnoDB: File system buffers for log disabled (block size=512 bytes)
2024-07-11  9:52:54 0 [Note] InnoDB: End of log at LSN=1151898
2024-07-11  9:52:54 0 [Note] InnoDB: 128 rollback segments are active.
2024-07-11  9:52:54 0 [Note] InnoDB: Setting file './ibtmp1' size to 12.000MiB. Physically writing the file full; Please wait ...
2024-07-11  9:52:54 0 [Note] InnoDB: File './ibtmp1' size is now 12.000MiB.
2024-07-11  9:52:54 0 [Note] InnoDB: log sequence number 1151898; transaction id 2186
2024-07-11  9:52:54 0 [Note] InnoDB: Loading buffer pool(s) from /config/databases/ib_buffer_pool
2024-07-11  9:52:54 0 [Note] Plugin 'FEEDBACK' is disabled.
2024-07-11  9:52:54 0 [Note] Server socket created on IP: '0.0.0.0'.
2024-07-11  9:52:54 0 [Note] Server socket created on IP: '::'.
2024-07-11  9:52:54 0 [Note] /usr/bin/mariadbd: ready for connections.
Version: '10.11.8-MariaDB-log'  socket: '/var/run/mysqld/mysqld.sock'  port: 3306  Alpine Linux
2024-07-11  9:52:54 0 [Note] InnoDB: Buffer pool(s) load completed at 240711  9:52:54
2024-07-11  9:52:54 5 [Warning] Aborted connection 5 to db: 'unconnected' user: 'unauthenticated' host: 'localhost' (This connection closed normally without authentication)
2024-07-11  9:52:55 4 [Warning] Aborted connection 4 to db: 'unconnected' user: 'unauthenticated' host: 'bookstack.bookstack_default' (This connection closed normally without authentication)
2024-07-11  9:53:01 7 [Warning] Aborted connection 7 to db: 'unconnected' user: 'unauthenticated' host: 'bookstack.bookstack_default' (This connection closed normally without authentication)
240717 07:04:35 mysqld_safe Starting mariadbd daemon with databases from /config/databases
2024-07-17  7:04:36 0 [Note] Starting MariaDB 10.11.8-MariaDB-log source revision 3a069644682e336e445039e48baae9693f9a08ee as process 409
2024-07-17  7:04:36 0 [Note] InnoDB: Compressed tables use zlib 1.3.1
2024-07-17  7:04:36 0 [Note] InnoDB: Number of transaction pools: 1
2024-07-17  7:04:36 0 [Note] InnoDB: Using crc32 + pclmulqdq instructions
2024-07-17  7:04:36 0 [Note] mariadbd: O_TMPFILE is not supported on /tmp (disabling future attempts)
2024-07-17  7:04:36 0 [Note] InnoDB: Using Linux native AIO
2024-07-17  7:04:36 0 [Note] InnoDB: Initializing buffer pool, total size = 256.000MiB, chunk size = 4.000MiB
2024-07-17  7:04:36 0 [Note] InnoDB: Completed initialization of buffer pool
2024-07-17  7:04:36 0 [Note] InnoDB: File system buffers for log disabled (block size=512 bytes)
2024-07-17  7:04:36 0 [Note] InnoDB: Starting crash recovery from checkpoint LSN=1151882
2024-07-17  7:04:36 0 [Note] InnoDB: End of log at LSN=1234265
2024-07-17  7:04:36 0 [Note] InnoDB: To recover: 43 pages
2024-07-17  7:04:36 0 [Note] InnoDB: Last binlog file '/config/log/mysql/mariadb-bin.000005', position 21813
2024-07-17  7:04:36 0 [Note] InnoDB: 128 rollback segments are active.
2024-07-17  7:04:36 0 [Note] InnoDB: Removed temporary tablespace data file: "./ibtmp1"
2024-07-17  7:04:36 0 [Note] InnoDB: Setting file './ibtmp1' size to 12.000MiB. Physically writing the file full; Please wait ...
2024-07-17  7:04:36 0 [Note] InnoDB: File './ibtmp1' size is now 12.000MiB.
2024-07-17  7:04:36 0 [Note] InnoDB: log sequence number 1234265; transaction id 2338
2024-07-17  7:04:36 0 [Note] InnoDB: Loading buffer pool(s) from /config/databases/ib_buffer_pool
2024-07-17  7:04:36 0 [Note] Plugin 'FEEDBACK' is disabled.
2024-07-17  7:04:36 0 [Note] Recovering after a crash using /config/log/mysql/mariadb-bin
2024-07-17  7:04:36 0 [Note] Starting table crash recovery...
2024-07-17  7:04:36 0 [Note] Crash table recovery finished.
2024-07-17  7:04:36 0 [Note] Server socket created on IP: '0.0.0.0'.
2024-07-17  7:04:36 0 [Note] Server socket created on IP: '::'.
2024-07-17  7:04:36 0 [Note] InnoDB: Buffer pool(s) load completed at 240717  7:04:36
2024-07-17  7:04:36 0 [Note] /usr/bin/mariadbd: ready for connections.
Version: '10.11.8-MariaDB-log'  socket: '/var/run/mysqld/mysqld.sock'  port: 3306  Alpine Linux
2024-07-17  7:04:36 4 [Warning] Aborted connection 4 to db: 'unconnected' user: 'unauthenticated' host: 'localhost' (This connection closed normally without authentication)
2024-07-17  7:04:37 6 [Warning] Aborted connection 6 to db: 'unconnected' user: 'unauthenticated' host: 'bookstack.bookstack_default' (This connection closed normally without authentication)
2024-07-17  7:04:38 7 [Warning] Aborted connection 7 to db: 'unconnected' user: 'unauthenticated' host: 'bookstack.bookstack_default' (This connection closed normally without authentication)
